<?xml version="1.0" encoding="UTF-8"?>
<!-- Generated by org.testng.reporters.JUnitXMLReporter -->
<testsuite hostname="EPBYMINW5520" tests="2" failures="1" timestamp="20 Nov 2017 11:13:36 GMT" time="0.02" errors="0">
  <testcase name="printLogicFailingTest" time="0.008" classname="LogicTests">
    <failure type="java.lang.AssertionError" message="expected [not logic text] but found [logic text]">
      <![CDATA[java.lang.AssertionError: expected [not logic text] but found [logic text]
	at LogicTests.printLogicFailingTest(LogicTests.java:21)
... Removed 29 stack frames]]>
    </failure>
  </testcase> <!-- printLogicFailingTest -->
  <testcase name="printLogicTest" time="0.001" classname="LogicTests"/>
</testsuite>
