<?xml version="1.0" encoding="UTF-8"?>
<testng-results skipped="0" failed="0" total="1" passed="1">
  <reporter-output>
  </reporter-output>
  <suite name="Default suite" duration-ms="18" started-at="2017-11-20T10:19:48Z" finished-at="2017-11-20T10:19:48Z">
    <groups>
    </groups>
    <test name="Default test" duration-ms="18" started-at="2017-11-20T10:19:48Z" finished-at="2017-11-20T10:19:48Z">
      <class name="LogicTests">
        <test-method status="PASS" signature="printLogicTest()[pri:0, instance:LogicTests@2cb4c3ab]" name="printLogicTest" duration-ms="8" started-at="2017-11-20T13:19:48Z" finished-at="2017-11-20T13:19:48Z">
          <reporter-output>
          </reporter-output>
        </test-method> <!-- printLogicTest -->
      </class> <!-- LogicTests -->
    </test> <!-- Default test -->
  </suite> <!-- Default suite -->
</testng-results>
